<?xml version='1.0' encoding='UTF-8'?>
<testsuite hostname="VIN001" name="com.lightbend.training.scalatrinin.TrainTest" tests="4" errors="0" failures="0" skipped="0" time="0.022" timestamp="2020-06-10T04:17:26">
                     <properties>
[...]
</properties>
                     <testcase classname="com.lightbend.training.scalatrinin.TrainTest" name="Create a train with 2 Stations should create the train successfully" time="0.02">
                                                 
                                               </testcase><testcase classname="com.lightbend.training.scalatrinin.TrainTest" name="Create a train with 3 Stations should create the train successfully" time="0.001">
                                                 
                                               </testcase><testcase classname="com.lightbend.training.scalatrinin.TrainTest" name="Create a train with 1 station should Throw an IllegalArgumentException because there is only 1 station and must be at least 2 stations" time="0.0">
                                                 
                                               </testcase><testcase classname="com.lightbend.training.scalatrinin.TrainTest" name="Create a train with 0 station should Throw an IllegalArgumentException because there is only 0 station and must be at least 2 stations" time="0.001">
                                                 
                                               </testcase>
                     <system-out><![CDATA[]]></system-out>
                     <system-err><![CDATA[]]></system-err>
                   </testsuite>